Analysis & Synthesis report for Washing_Machine
Wed Jan 12 01:51:13 2022
Quartus II 64-Bit Version 13.1.0 Build 162 10/23/2013 SJ Web Edition


---------------------
; Table of Contents ;
---------------------
  1. Legal Notice
  2. Analysis & Synthesis Summary
  3. Analysis & Synthesis Settings
  4. Parallel Compilation
  5. Analysis & Synthesis Source Files Read
  6. Analysis & Synthesis Resource Usage Summary
  7. Analysis & Synthesis Resource Utilization by Entity
  8. State Machine - |Washing_Machine|Seven_segment_digital_tube_choose:inst1|state
  9. Registers Removed During Synthesis
 10. General Register Statistics
 11. Inverted Register Statistics
 12. Multiplexer Restructuring Statistics (Restructuring Performed)
 13. Elapsed Time Per Partition
 14. Analysis & Synthesis Messages



----------------
; Legal Notice ;
----------------
Copyright (C) 1991-2013 Altera Corporation
Your use of Altera Corporation's design tools, logic functions 
and other software and tools, and its AMPP partner logic 
functions, and any output files from any of the foregoing 
(including device programming or simulation files), and any 
associated documentation or information are expressly subject 
to the terms and conditions of the Altera Program License 
Subscription Agreement, Altera MegaCore Function License 
Agreement, or other applicable license agreement, including, 
without limitation, that your use is for the sole purpose of 
programming logic devices manufactured by Altera and sold by 
Altera or its authorized distributors.  Please refer to the 
applicable agreement for further details.



+---------------------------------------------------------------------------------+
; Analysis & Synthesis Summary                                                    ;
+------------------------------------+--------------------------------------------+
; Analysis & Synthesis Status        ; Successful - Wed Jan 12 01:51:13 2022      ;
; Quartus II 64-Bit Version          ; 13.1.0 Build 162 10/23/2013 SJ Web Edition ;
; Revision Name                      ; Washing_Machine                            ;
; Top-level Entity Name              ; Washing_Machine                            ;
; Family                             ; Cyclone III                                ;
; Total logic elements               ; 549                                        ;
;     Total combinational functions  ; 526                                        ;
;     Dedicated logic registers      ; 182                                        ;
; Total registers                    ; 182                                        ;
; Total pins                         ; 55                                         ;
; Total virtual pins                 ; 0                                          ;
; Total memory bits                  ; 0                                          ;
; Embedded Multiplier 9-bit elements ; 0                                          ;
; Total PLLs                         ; 0                                          ;
+------------------------------------+--------------------------------------------+


+----------------------------------------------------------------------------------------------------------------------+
; Analysis & Synthesis Settings                                                                                        ;
+----------------------------------------------------------------------------+--------------------+--------------------+
; Option                                                                     ; Setting            ; Default Value      ;
+----------------------------------------------------------------------------+--------------------+--------------------+
; Device                                                                     ; EP3C25Q240C8       ;                    ;
; Top-level entity name                                                      ; Washing_Machine    ; Washing_Machine    ;
; Family name                                                                ; Cyclone III        ; Cyclone IV GX      ;
; Use smart compilation                                                      ; Off                ; Off                ;
; Enable parallel Assembler and TimeQuest Timing Analyzer during compilation ; On                 ; On                 ;
; Enable compact report table                                                ; Off                ; Off                ;
; Restructure Multiplexers                                                   ; Auto               ; Auto               ;
; Create Debugging Nodes for IP Cores                                        ; Off                ; Off                ;
; Preserve fewer node names                                                  ; On                 ; On                 ;
; Disable OpenCore Plus hardware evaluation                                  ; Off                ; Off                ;
; Verilog Version                                                            ; Verilog_2001       ; Verilog_2001       ;
; VHDL Version                                                               ; VHDL_1993          ; VHDL_1993          ;
; State Machine Processing                                                   ; Auto               ; Auto               ;
; Safe State Machine                                                         ; Off                ; Off                ;
; Extract Verilog State Machines                                             ; On                 ; On                 ;
; Extract VHDL State Machines                                                ; On                 ; On                 ;
; Ignore Verilog initial constructs                                          ; Off                ; Off                ;
; Iteration limit for constant Verilog loops                                 ; 5000               ; 5000               ;
; Iteration limit for non-constant Verilog loops                             ; 250                ; 250                ;
; Add Pass-Through Logic to Inferred RAMs                                    ; On                 ; On                 ;
; Infer RAMs from Raw Logic                                                  ; On                 ; On                 ;
; Parallel Synthesis                                                         ; On                 ; On                 ;
; DSP Block Balancing                                                        ; Auto               ; Auto               ;
; NOT Gate Push-Back                                                         ; On                 ; On                 ;
; Power-Up Don't Care                                                        ; On                 ; On                 ;
; Remove Redundant Logic Cells                                               ; Off                ; Off                ;
; Remove Duplicate Registers                                                 ; On                 ; On                 ;
; Ignore CARRY Buffers                                                       ; Off                ; Off                ;
; Ignore CASCADE Buffers                                                     ; Off                ; Off                ;
; Ignore GLOBAL Buffers                                                      ; Off                ; Off                ;
; Ignore ROW GLOBAL Buffers                                                  ; Off                ; Off                ;
; Ignore LCELL Buffers                                                       ; Off                ; Off                ;
; Ignore SOFT Buffers                                                        ; On                 ; On                 ;
; Limit AHDL Integers to 32 Bits                                             ; Off                ; Off                ;
; Optimization Technique                                                     ; Balanced           ; Balanced           ;
; Carry Chain Length                                                         ; 70                 ; 70                 ;
; Auto Carry Chains                                                          ; On                 ; On                 ;
; Auto Open-Drain Pins                                                       ; On                 ; On                 ;
; Perform WYSIWYG Primitive Resynthesis                                      ; Off                ; Off                ;
; Auto ROM Replacement                                                       ; On                 ; On                 ;
; Auto RAM Replacement                                                       ; On                 ; On                 ;
; Auto DSP Block Replacement                                                 ; On                 ; On                 ;
; Auto Shift Register Replacement                                            ; Auto               ; Auto               ;
; Allow Shift Register Merging across Hierarchies                            ; Auto               ; Auto               ;
; Auto Clock Enable Replacement                                              ; On                 ; On                 ;
; Strict RAM Replacement                                                     ; Off                ; Off                ;
; Allow Synchronous Control Signals                                          ; On                 ; On                 ;
; Force Use of Synchronous Clear Signals                                     ; Off                ; Off                ;
; Auto RAM Block Balancing                                                   ; On                 ; On                 ;
; Auto RAM to Logic Cell Conversion                                          ; Off                ; Off                ;
; Auto Resource Sharing                                                      ; Off                ; Off                ;
; Allow Any RAM Size For Recognition                                         ; Off                ; Off                ;
; Allow Any ROM Size For Recognition                                         ; Off                ; Off                ;
; Allow Any Shift Register Size For Recognition                              ; Off                ; Off                ;
; Use LogicLock Constraints during Resource Balancing                        ; On                 ; On                 ;
; Ignore translate_off and synthesis_off directives                          ; Off                ; Off                ;
; Timing-Driven Synthesis                                                    ; On                 ; On                 ;
; Report Parameter Settings                                                  ; On                 ; On                 ;
; Report Source Assignments                                                  ; On                 ; On                 ;
; Report Connectivity Checks                                                 ; On                 ; On                 ;
; Ignore Maximum Fan-Out Assignments                                         ; Off                ; Off                ;
; Synchronization Register Chain Length                                      ; 2                  ; 2                  ;
; PowerPlay Power Optimization                                               ; Normal compilation ; Normal compilation ;
; HDL message level                                                          ; Level2             ; Level2             ;
; Suppress Register Optimization Related Messages                            ; Off                ; Off                ;
; Number of Removed Registers Reported in Synthesis Report                   ; 5000               ; 5000               ;
; Number of Swept Nodes Reported in Synthesis Report                         ; 5000               ; 5000               ;
; Number of Inverted Registers Reported in Synthesis Report                  ; 100                ; 100                ;
; Clock MUX Protection                                                       ; On                 ; On                 ;
; Auto Gated Clock Conversion                                                ; Off                ; Off                ;
; Block Design Naming                                                        ; Auto               ; Auto               ;
; SDC constraint protection                                                  ; Off                ; Off                ;
; Synthesis Effort                                                           ; Auto               ; Auto               ;
; Shift Register Replacement - Allow Asynchronous Clear Signal               ; On                 ; On                 ;
; Pre-Mapping Resynthesis Optimization                                       ; Off                ; Off                ;
; Analysis & Synthesis Message Level                                         ; Medium             ; Medium             ;
; Disable Register Merging Across Hierarchies                                ; Auto               ; Auto               ;
; Resource Aware Inference For Block RAM                                     ; On                 ; On                 ;
; Synthesis Seed                                                             ; 1                  ; 1                  ;
+----------------------------------------------------------------------------+--------------------+--------------------+


Parallel compilation was disabled, but you have multiple processors available. Enable parallel compilation to reduce compilation time.
+-------------------------------------+
; Parallel Compilation                ;
+----------------------------+--------+
; Processors                 ; Number ;
+----------------------------+--------+
; Number detected on machine ; 8      ;
; Maximum allowed            ; 1      ;
+----------------------------+--------+


+--------------------------------------------------------------------------------------------------------------------------------------------------------------------------------------------------------------------------------------------------------------------------------------------------------------+
; Analysis & Synthesis Source Files Read                                                                                                                                                                                                                                                                       ;
+-----------------------------------------------------------------------------------------+-----------------+------------------------------------------+---------------------------------------------------------------------------------------------------------------------------------------------+---------+
; File Name with User-Entered Path                                                        ; Used in Netlist ; File Type                                ; File Name with Absolute Path                                                                                                                ; Library ;
+-----------------------------------------------------------------------------------------+-----------------+------------------------------------------+---------------------------------------------------------------------------------------------------------------------------------------------+---------+
; ../Blocks_PRO_MAX/Washing_Machine_States/Washing_Machine_States.v                       ; yes             ; User Verilog HDL File                    ; C:/Users/qqnemo30/Desktop/FPGA_Washing_Machine_PRO_MAX/Blocks_PRO_MAX/Washing_Machine_States/Washing_Machine_States.v                       ;         ;
; ../Blocks_PRO_MAX/Timer/Timer.v                                                         ; yes             ; User Verilog HDL File                    ; C:/Users/qqnemo30/Desktop/FPGA_Washing_Machine_PRO_MAX/Blocks_PRO_MAX/Timer/Timer.v                                                         ;         ;
; ../Blocks_PRO_MAX/Seven_segment_digital_tube_ignite/Seven_segment_digital_tube_ignite.v ; yes             ; User Verilog HDL File                    ; C:/Users/qqnemo30/Desktop/FPGA_Washing_Machine_PRO_MAX/Blocks_PRO_MAX/Seven_segment_digital_tube_ignite/Seven_segment_digital_tube_ignite.v ;         ;
; ../Blocks_PRO_MAX/Seven_segment_digital_tube_choose/Seven_segment_digital_tube_choose.v ; yes             ; User Verilog HDL File                    ; C:/Users/qqnemo30/Desktop/FPGA_Washing_Machine_PRO_MAX/Blocks_PRO_MAX/Seven_segment_digital_tube_choose/Seven_segment_digital_tube_choose.v ;         ;
; ../Blocks_PRO_MAX/LED_dot_matrix/LED_dot_matrix.v                                       ; yes             ; User Verilog HDL File                    ; C:/Users/qqnemo30/Desktop/FPGA_Washing_Machine_PRO_MAX/Blocks_PRO_MAX/LED_dot_matrix/LED_dot_matrix.v                                       ;         ;
; ../Blocks_PRO_MAX/Breathing_LED/Breathing_LED.v                                         ; yes             ; User Verilog HDL File                    ; C:/Users/qqnemo30/Desktop/FPGA_Washing_Machine_PRO_MAX/Blocks_PRO_MAX/Breathing_LED/Breathing_LED.v                                         ;         ;
; washing_machine.bdf                                                                     ; yes             ; Auto-Found Block Diagram/Schematic File  ; C:/Users/qqnemo30/Desktop/FPGA_Washing_Machine_PRO_MAX/Washing_Machine_PRO_MAX/washing_machine.bdf                                          ;         ;
+-----------------------------------------------------------------------------------------+-----------------+------------------------------------------+---------------------------------------------------------------------------------------------------------------------------------------------+---------+


+------------------------------------------------------------------------------------------+
; Analysis & Synthesis Resource Usage Summary                                              ;
+---------------------------------------------+--------------------------------------------+
; Resource                                    ; Usage                                      ;
+---------------------------------------------+--------------------------------------------+
; Estimated Total logic elements              ; 549                                        ;
;                                             ;                                            ;
; Total combinational functions               ; 526                                        ;
; Logic element usage by number of LUT inputs ;                                            ;
;     -- 4 input functions                    ; 322                                        ;
;     -- 3 input functions                    ; 70                                         ;
;     -- <=2 input functions                  ; 134                                        ;
;                                             ;                                            ;
; Logic elements by mode                      ;                                            ;
;     -- normal mode                          ; 429                                        ;
;     -- arithmetic mode                      ; 97                                         ;
;                                             ;                                            ;
; Total registers                             ; 182                                        ;
;     -- Dedicated logic registers            ; 182                                        ;
;     -- I/O registers                        ; 0                                          ;
;                                             ;                                            ;
; I/O pins                                    ; 55                                         ;
; Embedded Multiplier 9-bit elements          ; 0                                          ;
; Maximum fan-out node                        ; Seven_segment_digital_tube_ignite:inst|a~6 ;
; Maximum fan-out                             ; 142                                        ;
; Total fan-out                               ; 2475                                       ;
; Average fan-out                             ; 3.03                                       ;
+---------------------------------------------+--------------------------------------------+


+------------------------------------------------------------------------------------------------------------------------------------------------------------------------------------------------------------------------------------+
; Analysis & Synthesis Resource Utilization by Entity                                                                                                                                                                                ;
+----------------------------------------------+-------------------+--------------+-------------+--------------+---------+-----------+------+--------------+----------------------------------------------------------+--------------+
; Compilation Hierarchy Node                   ; LC Combinationals ; LC Registers ; Memory Bits ; DSP Elements ; DSP 9x9 ; DSP 18x18 ; Pins ; Virtual Pins ; Full Hierarchy Name                                      ; Library Name ;
+----------------------------------------------+-------------------+--------------+-------------+--------------+---------+-----------+------+--------------+----------------------------------------------------------+--------------+
; |Washing_Machine                             ; 526 (0)           ; 182 (0)      ; 0           ; 0            ; 0       ; 0         ; 55   ; 0            ; |Washing_Machine                                         ; work         ;
;    |Breathing_LED:inst_10|                   ; 80 (80)           ; 28 (28)      ; 0           ; 0            ; 0       ; 0         ; 0    ; 0            ; |Washing_Machine|Breathing_LED:inst_10                   ; work         ;
;    |Breathing_LED:inst_11|                   ; 1 (1)             ; 0 (0)        ; 0           ; 0            ; 0       ; 0         ; 0    ; 0            ; |Washing_Machine|Breathing_LED:inst_11                   ; work         ;
;    |Breathing_LED:inst_6|                    ; 1 (1)             ; 0 (0)        ; 0           ; 0            ; 0       ; 0         ; 0    ; 0            ; |Washing_Machine|Breathing_LED:inst_6                    ; work         ;
;    |Breathing_LED:inst_7|                    ; 1 (1)             ; 0 (0)        ; 0           ; 0            ; 0       ; 0         ; 0    ; 0            ; |Washing_Machine|Breathing_LED:inst_7                    ; work         ;
;    |Breathing_LED:inst_8|                    ; 1 (1)             ; 0 (0)        ; 0           ; 0            ; 0       ; 0         ; 0    ; 0            ; |Washing_Machine|Breathing_LED:inst_8                    ; work         ;
;    |Breathing_LED:inst_9|                    ; 1 (1)             ; 0 (0)        ; 0           ; 0            ; 0       ; 0         ; 0    ; 0            ; |Washing_Machine|Breathing_LED:inst_9                    ; work         ;
;    |LED_dot_matrix:inst2|                    ; 260 (260)         ; 48 (48)      ; 0           ; 0            ; 0       ; 0         ; 0    ; 0            ; |Washing_Machine|LED_dot_matrix:inst2                    ; work         ;
;    |Seven_segment_digital_tube_choose:inst1| ; 30 (30)           ; 21 (21)      ; 0           ; 0            ; 0       ; 0         ; 0    ; 0            ; |Washing_Machine|Seven_segment_digital_tube_choose:inst1 ; work         ;
;    |Seven_segment_digital_tube_ignite:inst|  ; 50 (50)           ; 7 (7)        ; 0           ; 0            ; 0       ; 0         ; 0    ; 0            ; |Washing_Machine|Seven_segment_digital_tube_ignite:inst  ; work         ;
;    |Timer:inst3|                             ; 74 (74)           ; 61 (61)      ; 0           ; 0            ; 0       ; 0         ; 0    ; 0            ; |Washing_Machine|Timer:inst3                             ; work         ;
;    |Washing_Machine_States:inst_1|           ; 27 (27)           ; 17 (17)      ; 0           ; 0            ; 0       ; 0         ; 0    ; 0            ; |Washing_Machine|Washing_Machine_States:inst_1           ; work         ;
+----------------------------------------------+-------------------+--------------+-------------+--------------+---------+-----------+------+--------------+----------------------------------------------------------+--------------+
Note: For table entries with two numbers listed, the numbers in parentheses indicate the number of resources of the given type used by the specific entity alone. The numbers listed outside of parentheses indicate the total resources of the given type used by the specific entity and all of its sub-entities in the hierarchy.


Encoding Type:  One-Hot
+-----------------------------------------------------------------------------------+
; State Machine - |Washing_Machine|Seven_segment_digital_tube_choose:inst1|state    ;
+---------------------+---------------------+-----------+---------------+-----------+
; Name                ; state.one_tenth_sec ; state.sec ; state.ten_sec ; state.min ;
+---------------------+---------------------+-----------+---------------+-----------+
; state.min           ; 0                   ; 0         ; 0             ; 0         ;
; state.ten_sec       ; 0                   ; 0         ; 1             ; 1         ;
; state.sec           ; 0                   ; 1         ; 0             ; 1         ;
; state.one_tenth_sec ; 1                   ; 0         ; 0             ; 1         ;
+---------------------+---------------------+-----------+---------------+-----------+


+-------------------------------------------------------------------------------------------------------------------------------+
; Registers Removed During Synthesis                                                                                            ;
+-------------------------------------------------------------+-----------------------------------------------------------------+
; Register name                                               ; Reason for Removal                                              ;
+-------------------------------------------------------------+-----------------------------------------------------------------+
; Breathing_LED:inst_11|led                                   ; Merged with Breathing_LED:inst_10|led                           ;
; Breathing_LED:inst_6|led                                    ; Merged with Breathing_LED:inst_10|led                           ;
; Breathing_LED:inst_7|led                                    ; Merged with Breathing_LED:inst_10|led                           ;
; Breathing_LED:inst_8|led                                    ; Merged with Breathing_LED:inst_10|led                           ;
; Breathing_LED:inst_9|led                                    ; Merged with Breathing_LED:inst_10|led                           ;
; Breathing_LED:inst_11|cnt_3ms[9]                            ; Merged with Breathing_LED:inst_10|cnt_3ms[9]                    ;
; Breathing_LED:inst_6|cnt_3ms[9]                             ; Merged with Breathing_LED:inst_10|cnt_3ms[9]                    ;
; Breathing_LED:inst_7|cnt_3ms[9]                             ; Merged with Breathing_LED:inst_10|cnt_3ms[9]                    ;
; Breathing_LED:inst_8|cnt_3ms[9]                             ; Merged with Breathing_LED:inst_10|cnt_3ms[9]                    ;
; Breathing_LED:inst_9|cnt_3ms[9]                             ; Merged with Breathing_LED:inst_10|cnt_3ms[9]                    ;
; Breathing_LED:inst_11|cnt_3ms[8]                            ; Merged with Breathing_LED:inst_10|cnt_3ms[8]                    ;
; Breathing_LED:inst_6|cnt_3ms[8]                             ; Merged with Breathing_LED:inst_10|cnt_3ms[8]                    ;
; Breathing_LED:inst_7|cnt_3ms[8]                             ; Merged with Breathing_LED:inst_10|cnt_3ms[8]                    ;
; Breathing_LED:inst_8|cnt_3ms[8]                             ; Merged with Breathing_LED:inst_10|cnt_3ms[8]                    ;
; Breathing_LED:inst_9|cnt_3ms[8]                             ; Merged with Breathing_LED:inst_10|cnt_3ms[8]                    ;
; Breathing_LED:inst_11|cnt_3ms[7]                            ; Merged with Breathing_LED:inst_10|cnt_3ms[7]                    ;
; Breathing_LED:inst_6|cnt_3ms[7]                             ; Merged with Breathing_LED:inst_10|cnt_3ms[7]                    ;
; Breathing_LED:inst_7|cnt_3ms[7]                             ; Merged with Breathing_LED:inst_10|cnt_3ms[7]                    ;
; Breathing_LED:inst_8|cnt_3ms[7]                             ; Merged with Breathing_LED:inst_10|cnt_3ms[7]                    ;
; Breathing_LED:inst_9|cnt_3ms[7]                             ; Merged with Breathing_LED:inst_10|cnt_3ms[7]                    ;
; Breathing_LED:inst_11|cnt_3ms[6]                            ; Merged with Breathing_LED:inst_10|cnt_3ms[6]                    ;
; Breathing_LED:inst_6|cnt_3ms[6]                             ; Merged with Breathing_LED:inst_10|cnt_3ms[6]                    ;
; Breathing_LED:inst_7|cnt_3ms[6]                             ; Merged with Breathing_LED:inst_10|cnt_3ms[6]                    ;
; Breathing_LED:inst_8|cnt_3ms[6]                             ; Merged with Breathing_LED:inst_10|cnt_3ms[6]                    ;
; Breathing_LED:inst_9|cnt_3ms[6]                             ; Merged with Breathing_LED:inst_10|cnt_3ms[6]                    ;
; Breathing_LED:inst_11|cnt_3ms[5]                            ; Merged with Breathing_LED:inst_10|cnt_3ms[5]                    ;
; Breathing_LED:inst_6|cnt_3ms[5]                             ; Merged with Breathing_LED:inst_10|cnt_3ms[5]                    ;
; Breathing_LED:inst_7|cnt_3ms[5]                             ; Merged with Breathing_LED:inst_10|cnt_3ms[5]                    ;
; Breathing_LED:inst_8|cnt_3ms[5]                             ; Merged with Breathing_LED:inst_10|cnt_3ms[5]                    ;
; Breathing_LED:inst_9|cnt_3ms[5]                             ; Merged with Breathing_LED:inst_10|cnt_3ms[5]                    ;
; Breathing_LED:inst_11|cnt_3ms[4]                            ; Merged with Breathing_LED:inst_10|cnt_3ms[4]                    ;
; Breathing_LED:inst_6|cnt_3ms[4]                             ; Merged with Breathing_LED:inst_10|cnt_3ms[4]                    ;
; Breathing_LED:inst_7|cnt_3ms[4]                             ; Merged with Breathing_LED:inst_10|cnt_3ms[4]                    ;
; Breathing_LED:inst_8|cnt_3ms[4]                             ; Merged with Breathing_LED:inst_10|cnt_3ms[4]                    ;
; Breathing_LED:inst_9|cnt_3ms[4]                             ; Merged with Breathing_LED:inst_10|cnt_3ms[4]                    ;
; Breathing_LED:inst_11|cnt_3ms[3]                            ; Merged with Breathing_LED:inst_10|cnt_3ms[3]                    ;
; Breathing_LED:inst_6|cnt_3ms[3]                             ; Merged with Breathing_LED:inst_10|cnt_3ms[3]                    ;
; Breathing_LED:inst_7|cnt_3ms[3]                             ; Merged with Breathing_LED:inst_10|cnt_3ms[3]                    ;
; Breathing_LED:inst_8|cnt_3ms[3]                             ; Merged with Breathing_LED:inst_10|cnt_3ms[3]                    ;
; Breathing_LED:inst_9|cnt_3ms[3]                             ; Merged with Breathing_LED:inst_10|cnt_3ms[3]                    ;
; Breathing_LED:inst_11|cnt_3ms[2]                            ; Merged with Breathing_LED:inst_10|cnt_3ms[2]                    ;
; Breathing_LED:inst_6|cnt_3ms[2]                             ; Merged with Breathing_LED:inst_10|cnt_3ms[2]                    ;
; Breathing_LED:inst_7|cnt_3ms[2]                             ; Merged with Breathing_LED:inst_10|cnt_3ms[2]                    ;
; Breathing_LED:inst_8|cnt_3ms[2]                             ; Merged with Breathing_LED:inst_10|cnt_3ms[2]                    ;
; Breathing_LED:inst_9|cnt_3ms[2]                             ; Merged with Breathing_LED:inst_10|cnt_3ms[2]                    ;
; Breathing_LED:inst_11|cnt_3ms[1]                            ; Merged with Breathing_LED:inst_10|cnt_3ms[1]                    ;
; Breathing_LED:inst_6|cnt_3ms[1]                             ; Merged with Breathing_LED:inst_10|cnt_3ms[1]                    ;
; Breathing_LED:inst_7|cnt_3ms[1]                             ; Merged with Breathing_LED:inst_10|cnt_3ms[1]                    ;
; Breathing_LED:inst_8|cnt_3ms[1]                             ; Merged with Breathing_LED:inst_10|cnt_3ms[1]                    ;
; Breathing_LED:inst_9|cnt_3ms[1]                             ; Merged with Breathing_LED:inst_10|cnt_3ms[1]                    ;
; Breathing_LED:inst_11|cnt_3ms[0]                            ; Merged with Breathing_LED:inst_10|cnt_3ms[0]                    ;
; Breathing_LED:inst_6|cnt_3ms[0]                             ; Merged with Breathing_LED:inst_10|cnt_3ms[0]                    ;
; Breathing_LED:inst_7|cnt_3ms[0]                             ; Merged with Breathing_LED:inst_10|cnt_3ms[0]                    ;
; Breathing_LED:inst_8|cnt_3ms[0]                             ; Merged with Breathing_LED:inst_10|cnt_3ms[0]                    ;
; Breathing_LED:inst_9|cnt_3ms[0]                             ; Merged with Breathing_LED:inst_10|cnt_3ms[0]                    ;
; Breathing_LED:inst_11|cnt_1200ms[8]                         ; Merged with Breathing_LED:inst_10|cnt_1200ms[8]                 ;
; Breathing_LED:inst_6|cnt_1200ms[8]                          ; Merged with Breathing_LED:inst_10|cnt_1200ms[8]                 ;
; Breathing_LED:inst_7|cnt_1200ms[8]                          ; Merged with Breathing_LED:inst_10|cnt_1200ms[8]                 ;
; Breathing_LED:inst_8|cnt_1200ms[8]                          ; Merged with Breathing_LED:inst_10|cnt_1200ms[8]                 ;
; Breathing_LED:inst_9|cnt_1200ms[8]                          ; Merged with Breathing_LED:inst_10|cnt_1200ms[8]                 ;
; Breathing_LED:inst_11|cnt_1200ms[7]                         ; Merged with Breathing_LED:inst_10|cnt_1200ms[7]                 ;
; Breathing_LED:inst_6|cnt_1200ms[7]                          ; Merged with Breathing_LED:inst_10|cnt_1200ms[7]                 ;
; Breathing_LED:inst_7|cnt_1200ms[7]                          ; Merged with Breathing_LED:inst_10|cnt_1200ms[7]                 ;
; Breathing_LED:inst_8|cnt_1200ms[7]                          ; Merged with Breathing_LED:inst_10|cnt_1200ms[7]                 ;
; Breathing_LED:inst_9|cnt_1200ms[7]                          ; Merged with Breathing_LED:inst_10|cnt_1200ms[7]                 ;
; Breathing_LED:inst_11|cnt_1200ms[6]                         ; Merged with Breathing_LED:inst_10|cnt_1200ms[6]                 ;
; Breathing_LED:inst_6|cnt_1200ms[6]                          ; Merged with Breathing_LED:inst_10|cnt_1200ms[6]                 ;
; Breathing_LED:inst_7|cnt_1200ms[6]                          ; Merged with Breathing_LED:inst_10|cnt_1200ms[6]                 ;
; Breathing_LED:inst_8|cnt_1200ms[6]                          ; Merged with Breathing_LED:inst_10|cnt_1200ms[6]                 ;
; Breathing_LED:inst_9|cnt_1200ms[6]                          ; Merged with Breathing_LED:inst_10|cnt_1200ms[6]                 ;
; Breathing_LED:inst_11|cnt_1200ms[5]                         ; Merged with Breathing_LED:inst_10|cnt_1200ms[5]                 ;
; Breathing_LED:inst_6|cnt_1200ms[5]                          ; Merged with Breathing_LED:inst_10|cnt_1200ms[5]                 ;
; Breathing_LED:inst_7|cnt_1200ms[5]                          ; Merged with Breathing_LED:inst_10|cnt_1200ms[5]                 ;
; Breathing_LED:inst_8|cnt_1200ms[5]                          ; Merged with Breathing_LED:inst_10|cnt_1200ms[5]                 ;
; Breathing_LED:inst_9|cnt_1200ms[5]                          ; Merged with Breathing_LED:inst_10|cnt_1200ms[5]                 ;
; Breathing_LED:inst_11|cnt_1200ms[4]                         ; Merged with Breathing_LED:inst_10|cnt_1200ms[4]                 ;
; Breathing_LED:inst_6|cnt_1200ms[4]                          ; Merged with Breathing_LED:inst_10|cnt_1200ms[4]                 ;
; Breathing_LED:inst_7|cnt_1200ms[4]                          ; Merged with Breathing_LED:inst_10|cnt_1200ms[4]                 ;
; Breathing_LED:inst_8|cnt_1200ms[4]                          ; Merged with Breathing_LED:inst_10|cnt_1200ms[4]                 ;
; Breathing_LED:inst_9|cnt_1200ms[4]                          ; Merged with Breathing_LED:inst_10|cnt_1200ms[4]                 ;
; Breathing_LED:inst_11|cnt_1200ms[3]                         ; Merged with Breathing_LED:inst_10|cnt_1200ms[3]                 ;
; Breathing_LED:inst_6|cnt_1200ms[3]                          ; Merged with Breathing_LED:inst_10|cnt_1200ms[3]                 ;
; Breathing_LED:inst_7|cnt_1200ms[3]                          ; Merged with Breathing_LED:inst_10|cnt_1200ms[3]                 ;
; Breathing_LED:inst_8|cnt_1200ms[3]                          ; Merged with Breathing_LED:inst_10|cnt_1200ms[3]                 ;
; Breathing_LED:inst_9|cnt_1200ms[3]                          ; Merged with Breathing_LED:inst_10|cnt_1200ms[3]                 ;
; Breathing_LED:inst_11|cnt_1200ms[2]                         ; Merged with Breathing_LED:inst_10|cnt_1200ms[2]                 ;
; Breathing_LED:inst_6|cnt_1200ms[2]                          ; Merged with Breathing_LED:inst_10|cnt_1200ms[2]                 ;
; Breathing_LED:inst_7|cnt_1200ms[2]                          ; Merged with Breathing_LED:inst_10|cnt_1200ms[2]                 ;
; Breathing_LED:inst_8|cnt_1200ms[2]                          ; Merged with Breathing_LED:inst_10|cnt_1200ms[2]                 ;
; Breathing_LED:inst_9|cnt_1200ms[2]                          ; Merged with Breathing_LED:inst_10|cnt_1200ms[2]                 ;
; Breathing_LED:inst_11|cnt_1200ms[1]                         ; Merged with Breathing_LED:inst_10|cnt_1200ms[1]                 ;
; Breathing_LED:inst_6|cnt_1200ms[1]                          ; Merged with Breathing_LED:inst_10|cnt_1200ms[1]                 ;
; Breathing_LED:inst_7|cnt_1200ms[1]                          ; Merged with Breathing_LED:inst_10|cnt_1200ms[1]                 ;
; Breathing_LED:inst_8|cnt_1200ms[1]                          ; Merged with Breathing_LED:inst_10|cnt_1200ms[1]                 ;
; Breathing_LED:inst_9|cnt_1200ms[1]                          ; Merged with Breathing_LED:inst_10|cnt_1200ms[1]                 ;
; Breathing_LED:inst_11|cnt_1200ms[0]                         ; Merged with Breathing_LED:inst_10|cnt_1200ms[0]                 ;
; Breathing_LED:inst_6|cnt_1200ms[0]                          ; Merged with Breathing_LED:inst_10|cnt_1200ms[0]                 ;
; Breathing_LED:inst_7|cnt_1200ms[0]                          ; Merged with Breathing_LED:inst_10|cnt_1200ms[0]                 ;
; Breathing_LED:inst_8|cnt_1200ms[0]                          ; Merged with Breathing_LED:inst_10|cnt_1200ms[0]                 ;
; Breathing_LED:inst_9|cnt_1200ms[0]                          ; Merged with Breathing_LED:inst_10|cnt_1200ms[0]                 ;
; Breathing_LED:inst_11|cnt_1s_en                             ; Merged with Breathing_LED:inst_10|cnt_1s_en                     ;
; Breathing_LED:inst_6|cnt_1s_en                              ; Merged with Breathing_LED:inst_10|cnt_1s_en                     ;
; Breathing_LED:inst_7|cnt_1s_en                              ; Merged with Breathing_LED:inst_10|cnt_1s_en                     ;
; Breathing_LED:inst_8|cnt_1s_en                              ; Merged with Breathing_LED:inst_10|cnt_1s_en                     ;
; Breathing_LED:inst_9|cnt_1s_en                              ; Merged with Breathing_LED:inst_10|cnt_1s_en                     ;
; Breathing_LED:inst_11|cnt_90posclk[6]                       ; Merged with Breathing_LED:inst_10|cnt_90posclk[6]               ;
; Breathing_LED:inst_6|cnt_90posclk[6]                        ; Merged with Breathing_LED:inst_10|cnt_90posclk[6]               ;
; Breathing_LED:inst_7|cnt_90posclk[6]                        ; Merged with Breathing_LED:inst_10|cnt_90posclk[6]               ;
; Breathing_LED:inst_8|cnt_90posclk[6]                        ; Merged with Breathing_LED:inst_10|cnt_90posclk[6]               ;
; Breathing_LED:inst_9|cnt_90posclk[6]                        ; Merged with Breathing_LED:inst_10|cnt_90posclk[6]               ;
; Breathing_LED:inst_11|cnt_90posclk[4]                       ; Merged with Breathing_LED:inst_10|cnt_90posclk[4]               ;
; Breathing_LED:inst_6|cnt_90posclk[4]                        ; Merged with Breathing_LED:inst_10|cnt_90posclk[4]               ;
; Breathing_LED:inst_7|cnt_90posclk[4]                        ; Merged with Breathing_LED:inst_10|cnt_90posclk[4]               ;
; Breathing_LED:inst_8|cnt_90posclk[4]                        ; Merged with Breathing_LED:inst_10|cnt_90posclk[4]               ;
; Breathing_LED:inst_9|cnt_90posclk[4]                        ; Merged with Breathing_LED:inst_10|cnt_90posclk[4]               ;
; Breathing_LED:inst_11|cnt_90posclk[3]                       ; Merged with Breathing_LED:inst_10|cnt_90posclk[3]               ;
; Breathing_LED:inst_6|cnt_90posclk[3]                        ; Merged with Breathing_LED:inst_10|cnt_90posclk[3]               ;
; Breathing_LED:inst_7|cnt_90posclk[3]                        ; Merged with Breathing_LED:inst_10|cnt_90posclk[3]               ;
; Breathing_LED:inst_8|cnt_90posclk[3]                        ; Merged with Breathing_LED:inst_10|cnt_90posclk[3]               ;
; Breathing_LED:inst_9|cnt_90posclk[3]                        ; Merged with Breathing_LED:inst_10|cnt_90posclk[3]               ;
; Breathing_LED:inst_11|cnt_90posclk[1]                       ; Merged with Breathing_LED:inst_10|cnt_90posclk[1]               ;
; Breathing_LED:inst_6|cnt_90posclk[1]                        ; Merged with Breathing_LED:inst_10|cnt_90posclk[1]               ;
; Breathing_LED:inst_7|cnt_90posclk[1]                        ; Merged with Breathing_LED:inst_10|cnt_90posclk[1]               ;
; Breathing_LED:inst_8|cnt_90posclk[1]                        ; Merged with Breathing_LED:inst_10|cnt_90posclk[1]               ;
; Breathing_LED:inst_9|cnt_90posclk[1]                        ; Merged with Breathing_LED:inst_10|cnt_90posclk[1]               ;
; Breathing_LED:inst_11|cnt_90posclk[5]                       ; Merged with Breathing_LED:inst_10|cnt_90posclk[5]               ;
; Breathing_LED:inst_6|cnt_90posclk[5]                        ; Merged with Breathing_LED:inst_10|cnt_90posclk[5]               ;
; Breathing_LED:inst_7|cnt_90posclk[5]                        ; Merged with Breathing_LED:inst_10|cnt_90posclk[5]               ;
; Breathing_LED:inst_8|cnt_90posclk[5]                        ; Merged with Breathing_LED:inst_10|cnt_90posclk[5]               ;
; Breathing_LED:inst_9|cnt_90posclk[5]                        ; Merged with Breathing_LED:inst_10|cnt_90posclk[5]               ;
; Breathing_LED:inst_11|cnt_90posclk[2]                       ; Merged with Breathing_LED:inst_10|cnt_90posclk[2]               ;
; Breathing_LED:inst_6|cnt_90posclk[2]                        ; Merged with Breathing_LED:inst_10|cnt_90posclk[2]               ;
; Breathing_LED:inst_7|cnt_90posclk[2]                        ; Merged with Breathing_LED:inst_10|cnt_90posclk[2]               ;
; Breathing_LED:inst_8|cnt_90posclk[2]                        ; Merged with Breathing_LED:inst_10|cnt_90posclk[2]               ;
; Breathing_LED:inst_9|cnt_90posclk[2]                        ; Merged with Breathing_LED:inst_10|cnt_90posclk[2]               ;
; Breathing_LED:inst_11|cnt_90posclk[0]                       ; Merged with Breathing_LED:inst_10|cnt_90posclk[0]               ;
; Breathing_LED:inst_6|cnt_90posclk[0]                        ; Merged with Breathing_LED:inst_10|cnt_90posclk[0]               ;
; Breathing_LED:inst_7|cnt_90posclk[0]                        ; Merged with Breathing_LED:inst_10|cnt_90posclk[0]               ;
; Breathing_LED:inst_8|cnt_90posclk[0]                        ; Merged with Breathing_LED:inst_10|cnt_90posclk[0]               ;
; Breathing_LED:inst_9|cnt_90posclk[0]                        ; Merged with Breathing_LED:inst_10|cnt_90posclk[0]               ;
; Seven_segment_digital_tube_choose:inst1|state~4             ; Lost fanout                                                     ;
; Seven_segment_digital_tube_choose:inst1|state~5             ; Lost fanout                                                     ;
; Timer:inst3|one_tenth_second_cnt[0]                         ; Merged with Timer:inst3|cnt_one_tenth_sec[0]                    ;
; Seven_segment_digital_tube_choose:inst1|state.ten_sec       ; Merged with Seven_segment_digital_tube_choose:inst1|low_min     ;
; Seven_segment_digital_tube_choose:inst1|state.sec           ; Merged with Seven_segment_digital_tube_choose:inst1|low_ten_sec ;
; Seven_segment_digital_tube_choose:inst1|state.one_tenth_sec ; Merged with Seven_segment_digital_tube_choose:inst1|low_sec     ;
; Total Number of Removed Registers = 146                     ;                                                                 ;
+-------------------------------------------------------------+-----------------------------------------------------------------+


+------------------------------------------------------+
; General Register Statistics                          ;
+----------------------------------------------+-------+
; Statistic                                    ; Value ;
+----------------------------------------------+-------+
; Total registers                              ; 182   ;
; Number of registers using Synchronous Clear  ; 0     ;
; Number of registers using Synchronous Load   ; 2     ;
; Number of registers using Asynchronous Clear ; 182   ;
; Number of registers using Asynchronous Load  ; 0     ;
; Number of registers using Clock Enable       ; 76    ;
; Number of registers using Preset             ; 0     ;
+----------------------------------------------+-------+


+---------------------------------------------------------------------+
; Inverted Register Statistics                                        ;
+-----------------------------------------------------------+---------+
; Inverted Register                                         ; Fan out ;
+-----------------------------------------------------------+---------+
; Seven_segment_digital_tube_ignite:inst|g                  ; 5       ;
; Seven_segment_digital_tube_choose:inst1|low_min           ; 5       ;
; Seven_segment_digital_tube_choose:inst1|low_ten_sec       ; 5       ;
; Seven_segment_digital_tube_choose:inst1|low_sec           ; 9       ;
; Seven_segment_digital_tube_choose:inst1|low_one_tenth_sec ; 11      ;
; Breathing_LED:inst_10|led                                 ; 6       ;
; Washing_Machine_States:inst_1|Led_water_supply            ; 2       ;
; Washing_Machine_States:inst_1|Led_rinsing                 ; 2       ;
; Washing_Machine_States:inst_1|Led_water_draining          ; 2       ;
; Washing_Machine_States:inst_1|Led_dehydrating             ; 3       ;
; Washing_Machine_States:inst_1|Led_warning                 ; 2       ;
; LED_dot_matrix:inst2|H[14]                                ; 9       ;
; LED_dot_matrix:inst2|H[13]                                ; 5       ;
; LED_dot_matrix:inst2|H[12]                                ; 9       ;
; LED_dot_matrix:inst2|H[11]                                ; 10      ;
; LED_dot_matrix:inst2|H[10]                                ; 12      ;
; LED_dot_matrix:inst2|H[9]                                 ; 10      ;
; LED_dot_matrix:inst2|H[8]                                 ; 8       ;
; LED_dot_matrix:inst2|H[7]                                 ; 5       ;
; LED_dot_matrix:inst2|H[6]                                 ; 5       ;
; LED_dot_matrix:inst2|H[5]                                 ; 10      ;
; LED_dot_matrix:inst2|H[4]                                 ; 8       ;
; LED_dot_matrix:inst2|H[3]                                 ; 8       ;
; LED_dot_matrix:inst2|H[2]                                 ; 8       ;
; LED_dot_matrix:inst2|H[1]                                 ; 8       ;
; LED_dot_matrix:inst2|H[0]                                 ; 6       ;
; LED_dot_matrix:inst2|L[15]                                ; 2       ;
; LED_dot_matrix:inst2|L[14]                                ; 5       ;
; LED_dot_matrix:inst2|L[13]                                ; 2       ;
; LED_dot_matrix:inst2|L[12]                                ; 4       ;
; LED_dot_matrix:inst2|L[11]                                ; 4       ;
; LED_dot_matrix:inst2|L[10]                                ; 3       ;
; LED_dot_matrix:inst2|L[9]                                 ; 5       ;
; LED_dot_matrix:inst2|L[8]                                 ; 6       ;
; LED_dot_matrix:inst2|L[7]                                 ; 7       ;
; LED_dot_matrix:inst2|L[6]                                 ; 8       ;
; LED_dot_matrix:inst2|L[5]                                 ; 6       ;
; LED_dot_matrix:inst2|L[4]                                 ; 2       ;
; LED_dot_matrix:inst2|L[3]                                 ; 6       ;
; LED_dot_matrix:inst2|L[2]                                 ; 2       ;
; LED_dot_matrix:inst2|L[1]                                 ; 5       ;
; LED_dot_matrix:inst2|L[0]                                 ; 2       ;
; Timer:inst3|Warning_timer                                 ; 3       ;
; Timer:inst3|Rinsing_timer                                 ; 3       ;
; Timer:inst3|Draining_timer                                ; 3       ;
; Timer:inst3|Dehydrating_timer                             ; 3       ;
; LED_dot_matrix:inst2|clk_9375                             ; 32      ;
; Timer:inst3|minute                                        ; 4       ;
; Timer:inst3|second                                        ; 6       ;
; Timer:inst3|ten_second                                    ; 5       ;
; Timer:inst3|clk_9375                                      ; 9       ;
; Total number of inverted registers = 51                   ;         ;
+-----------------------------------------------------------+---------+


+-------------------------------------------------------------------------------------------------------------------------------------------------------------------------+
; Multiplexer Restructuring Statistics (Restructuring Performed)                                                                                                          ;
+--------------------+-----------+---------------+----------------------+------------------------+------------+-----------------------------------------------------------+
; Multiplexer Inputs ; Bus Width ; Baseline Area ; Area if Restructured ; Saving if Restructured ; Registered ; Example Multiplexer Output                                ;
+--------------------+-----------+---------------+----------------------+------------------------+------------+-----------------------------------------------------------+
; 3:1                ; 10 bits   ; 20 LEs        ; 10 LEs               ; 10 LEs                 ; Yes        ; |Washing_Machine|Breathing_LED:inst_10|cnt_3ms[7]         ;
; 3:1                ; 9 bits    ; 18 LEs        ; 9 LEs                ; 9 LEs                  ; Yes        ; |Washing_Machine|Breathing_LED:inst_10|cnt_1200ms[7]      ;
; 67:1               ; 6 bits    ; 264 LEs       ; 84 LEs               ; 180 LEs                ; Yes        ; |Washing_Machine|Seven_segment_digital_tube_ignite:inst|d ;
; 8:1                ; 4 bits    ; 20 LEs        ; 16 LEs               ; 4 LEs                  ; Yes        ; |Washing_Machine|LED_dot_matrix:inst2|L[10]               ;
; 8:1                ; 2 bits    ; 10 LEs        ; 4 LEs                ; 6 LEs                  ; Yes        ; |Washing_Machine|LED_dot_matrix:inst2|L[2]                ;
; 9:1                ; 2 bits    ; 12 LEs        ; 4 LEs                ; 8 LEs                  ; Yes        ; |Washing_Machine|LED_dot_matrix:inst2|L[1]                ;
; 9:1                ; 3 bits    ; 18 LEs        ; 12 LEs               ; 6 LEs                  ; Yes        ; |Washing_Machine|LED_dot_matrix:inst2|L[7]                ;
; 6:1                ; 2 bits    ; 8 LEs         ; 4 LEs                ; 4 LEs                  ; Yes        ; |Washing_Machine|LED_dot_matrix:inst2|L[0]                ;
+--------------------+-----------+---------------+----------------------+------------------------+------------+-----------------------------------------------------------+


+-------------------------------+
; Elapsed Time Per Partition    ;
+----------------+--------------+
; Partition Name ; Elapsed Time ;
+----------------+--------------+
; Top            ; 00:00:02     ;
+----------------+--------------+


+-------------------------------+
; Analysis & Synthesis Messages ;
+-------------------------------+
Info: *******************************************************************
Info: Running Quartus II 64-Bit Analysis & Synthesis
    Info: Version 13.1.0 Build 162 10/23/2013 SJ Web Edition
    Info: Processing started: Wed Jan 12 01:51:09 2022
Info: Command: quartus_map --read_settings_files=on --write_settings_files=off Washing_Machine -c Washing_Machine
Warning (20028): Parallel compilation is not licensed and has been disabled
Info (12021): Found 1 design units, including 1 entities, in source file /users/qqnemo30/desktop/fpga_washing_machine_pro_max/blocks_pro_max/washing_machine_states/washing_machine_states.v
    Info (12023): Found entity 1: Washing_Machine_States
Info (12021): Found 1 design units, including 1 entities, in source file /users/qqnemo30/desktop/fpga_washing_machine_pro_max/blocks_pro_max/timer/timer.v
    Info (12023): Found entity 1: Timer
Info (12021): Found 1 design units, including 1 entities, in source file /users/qqnemo30/desktop/fpga_washing_machine_pro_max/blocks_pro_max/seven_segment_digital_tube_ignite/seven_segment_digital_tube_ignite.v
    Info (12023): Found entity 1: Seven_segment_digital_tube_ignite
Info (12021): Found 1 design units, including 1 entities, in source file /users/qqnemo30/desktop/fpga_washing_machine_pro_max/blocks_pro_max/seven_segment_digital_tube_choose/seven_segment_digital_tube_choose.v
    Info (12023): Found entity 1: Seven_segment_digital_tube_choose
Info (12021): Found 1 design units, including 1 entities, in source file /users/qqnemo30/desktop/fpga_washing_machine_pro_max/blocks_pro_max/led_dot_matrix/led_dot_matrix.v
    Info (12023): Found entity 1: LED_dot_matrix
Info (12021): Found 1 design units, including 1 entities, in source file /users/qqnemo30/desktop/fpga_washing_machine_pro_max/blocks_pro_max/breathing_led/breathing_led.v
    Info (12023): Found entity 1: Breathing_LED
Warning (10236): Verilog HDL Implicit Net warning at Washing_Machine_States.v(20): created implicit net for "temp_1"
Warning (10236): Verilog HDL Implicit Net warning at Washing_Machine_States.v(21): created implicit net for "temp_2"
Warning (10236): Verilog HDL Implicit Net warning at Washing_Machine_States.v(22): created implicit net for "temp_3"
Warning (10236): Verilog HDL Implicit Net warning at Washing_Machine_States.v(23): created implicit net for "temp_4"
Warning (10236): Verilog HDL Implicit Net warning at Timer.v(20): created implicit net for "double_edge_detect"
Warning (12125): Using design file washing_machine.bdf, which is not specified as a design file for the current project, but contains definitions for 1 design units and 1 entities in project
    Info (12023): Found entity 1: Washing_Machine
Info (12127): Elaborating entity "Washing_Machine" for the top level hierarchy
Info (12128): Elaborating entity "Seven_segment_digital_tube_ignite" for hierarchy "Seven_segment_digital_tube_ignite:inst"
Info (12128): Elaborating entity "Washing_Machine_States" for hierarchy "Washing_Machine_States:inst_1"
Info (12128): Elaborating entity "Timer" for hierarchy "Timer:inst3"
Warning (10230): Verilog HDL assignment warning at Timer.v(46): truncated value with size 32 to match size of target (14)
Warning (10230): Verilog HDL assignment warning at Timer.v(61): truncated value with size 32 to match size of target (9)
Warning (10230): Verilog HDL assignment warning at Timer.v(89): truncated value with size 32 to match size of target (13)
Warning (10230): Verilog HDL assignment warning at Timer.v(170): truncated value with size 32 to match size of target (4)
Warning (10230): Verilog HDL assignment warning at Timer.v(199): truncated value with size 32 to match size of target (4)
Warning (10230): Verilog HDL assignment warning at Timer.v(228): truncated value with size 32 to match size of target (4)
Warning (10230): Verilog HDL assignment warning at Timer.v(244): truncated value with size 32 to match size of target (4)
Info (12128): Elaborating entity "Seven_segment_digital_tube_choose" for hierarchy "Seven_segment_digital_tube_choose:inst1"
Warning (10230): Verilog HDL assignment warning at Seven_segment_digital_tube_choose.v(34): truncated value with size 32 to match size of target (15)
Info (12128): Elaborating entity "Breathing_LED" for hierarchy "Breathing_LED:inst_6"
Warning (10230): Verilog HDL assignment warning at Breathing_LED.v(25): truncated value with size 32 to match size of target (7)
Warning (10230): Verilog HDL assignment warning at Breathing_LED.v(37): truncated value with size 32 to match size of target (10)
Warning (10230): Verilog HDL assignment warning at Breathing_LED.v(49): truncated value with size 32 to match size of target (9)
Info (12128): Elaborating entity "LED_dot_matrix" for hierarchy "LED_dot_matrix:inst2"
Warning (10230): Verilog HDL assignment warning at LED_dot_matrix.v(62): truncated value with size 32 to match size of target (14)
Info (13000): Registers with preset signals will power-up high
Info (13003): DEV_CLRn pin will set, and not reset, register with preset signal due to NOT Gate Push-Back
Info (286030): Timing-Driven Synthesis is running
Info (17049): 2 registers lost all their fanouts during netlist optimizations.
Info (16010): Generating hard_block partition "hard_block:auto_generated_inst"
    Info (16011): Adding 0 node(s), including 0 DDIO, 0 PLL, 0 transceiver and 0 LCELL
Info (21057): Implemented 604 device resources after synthesis - the final resource count might be different
    Info (21058): Implemented 6 input pins
    Info (21059): Implemented 49 output pins
    Info (21061): Implemented 549 logic cells
Info: Quartus II 64-Bit Analysis & Synthesis was successful. 0 errors, 19 warnings
    Info: Peak virtual memory: 4619 megabytes
    Info: Processing ended: Wed Jan 12 01:51:13 2022
    Info: Elapsed time: 00:00:04
    Info: Total CPU time (on all processors): 00:00:04


