
*** Running vivado
    with args -log processor.vdi -applog -m64 -product Vivado -messageDb vivado.pb -mode batch -source processor.tcl -notrace


****** Vivado v2017.4 (64-bit)
  **** SW Build 2086221 on Fri Dec 15 20:55:39 MST 2017
  **** IP Build 2085800 on Fri Dec 15 22:25:07 MST 2017
    ** Copyright 1986-2017 Xilinx, Inc. All Rights Reserved.

source processor.tcl -notrace
Command: link_design -top processor -part xc7vx485tffg1157-1
Design is defaulting to srcset: sources_1
Design is defaulting to constrset: constrs_1
INFO: [Netlist 29-17] Analyzing 77 Unisim elements for replacement
INFO: [Netlist 29-28] Unisim Transformation completed in 0 CPU seconds
INFO: [Project 1-479] Netlist was created with Vivado 2017.4
INFO: [Device 21-403] Loading part xc7vx485tffg1157-1
INFO: [Project 1-570] Preparing netlist for logic optimization
INFO: [Opt 31-138] Pushed 0 inverter(s) to 0 load pin(s).
INFO: [Project 1-111] Unisim Transformation Summary:
No Unisim elements were transformed.

7 Infos, 0 Warnings, 0 Critical Warnings and 0 Errors encountered.
link_design completed successfully
link_design: Time (s): cpu = 00:00:11 ; elapsed = 00:00:13 . Memory (MB): peak = 769.293 ; gain = 486.715
Command: opt_design
Attempting to get a license for feature 'Implementation' and/or device 'xc7vx485t'
INFO: [Common 17-349] Got license for feature 'Implementation' and/or device 'xc7vx485t'
Running DRC as a precondition to command opt_design

Starting DRC Task
INFO: [DRC 23-27] Running DRC with 2 threads
INFO: [Project 1-461] DRC finished with 0 Errors
INFO: [Project 1-462] Please refer to the DRC report (report_drc) for more information.

Time (s): cpu = 00:00:00 ; elapsed = 00:00:00.533 . Memory (MB): peak = 783.078 ; gain = 12.793
INFO: [Timing 38-35] Done setting XDC timing constraints.

Starting Logic Optimization Task

Phase 1 Retarget
INFO: [Opt 31-138] Pushed 0 inverter(s) to 0 load pin(s).
INFO: [Opt 31-49] Retargeted 0 cell(s).
Phase 1 Retarget | Checksum: 504a0b90

Time (s): cpu = 00:00:00 ; elapsed = 00:00:00.051 . Memory (MB): peak = 1439.926 ; gain = 0.000
INFO: [Opt 31-389] Phase Retarget created 0 cells and removed 0 cells

Phase 2 Constant propagation
INFO: [Opt 31-138] Pushed 0 inverter(s) to 0 load pin(s).
Phase 2 Constant propagation | Checksum: 504a0b90

Time (s): cpu = 00:00:00 ; elapsed = 00:00:00.062 . Memory (MB): peak = 1439.926 ; gain = 0.000
INFO: [Opt 31-389] Phase Constant propagation created 0 cells and removed 0 cells

Phase 3 Sweep
Phase 3 Sweep | Checksum: d75bf11a

Time (s): cpu = 00:00:00 ; elapsed = 00:00:00.091 . Memory (MB): peak = 1439.926 ; gain = 0.000
INFO: [Opt 31-389] Phase Sweep created 0 cells and removed 0 cells

Phase 4 BUFG optimization
Phase 4 BUFG optimization | Checksum: d75bf11a

Time (s): cpu = 00:00:00 ; elapsed = 00:00:00.115 . Memory (MB): peak = 1439.926 ; gain = 0.000
INFO: [Opt 31-389] Phase BUFG optimization created 0 cells and removed 0 cells

Phase 5 Shift Register Optimization
Phase 5 Shift Register Optimization | Checksum: d75bf11a

Time (s): cpu = 00:00:00 ; elapsed = 00:00:00.126 . Memory (MB): peak = 1439.926 ; gain = 0.000
INFO: [Opt 31-389] Phase Shift Register Optimization created 0 cells and removed 0 cells

Starting Connectivity Check Task

Time (s): cpu = 00:00:00 ; elapsed = 00:00:00.002 . Memory (MB): peak = 1439.926 ; gain = 0.000
Ending Logic Optimization Task | Checksum: d75bf11a

Time (s): cpu = 00:00:00 ; elapsed = 00:00:00.133 . Memory (MB): peak = 1439.926 ; gain = 0.000

Starting Power Optimization Task
INFO: [Pwropt 34-132] Skipping clock gating for clocks with a period < 2.00 ns.
INFO: [Pwropt 34-9] Applying IDT optimizations ...
INFO: [Pwropt 34-10] Applying ODC optimizations ...
INFO: [Timing 38-35] Done setting XDC timing constraints.
INFO: [Physopt 32-619] Estimated Timing Summary | WNS=0.000 | TNS=0.000 |
WARNING: [Power 33-232] No user defined clocks were found in the design!
Resolution: Please specify clocks using create_clock/create_generated_clock for sequential elements. For pure combinatorial circuits, please specify a virtual clock, otherwise the vectorless estimation might be inaccurate
Running Vector-less Activity Propagation...

Finished Running Vector-less Activity Propagation


Starting PowerOpt Patch Enables Task
INFO: [Pwropt 34-162] WRITE_MODE attribute of 0 BRAM(s) out of a total of 1 has been updated to save power. Run report_power_opt to get a complete listing of the BRAMs updated.
INFO: [Pwropt 34-201] Structural ODC has moved 0 WE to EN ports
Number of BRAM Ports augmented: 0 newly gated: 0 Total Ports: 2
Ending PowerOpt Patch Enables Task | Checksum: ef864f40

Time (s): cpu = 00:00:00 ; elapsed = 00:00:00.010 . Memory (MB): peak = 1567.191 ; gain = 0.000
Ending Power Optimization Task | Checksum: ef864f40

Time (s): cpu = 00:00:05 ; elapsed = 00:00:05 . Memory (MB): peak = 1567.191 ; gain = 127.266
INFO: [Common 17-83] Releasing license: Implementation
28 Infos, 1 Warnings, 0 Critical Warnings and 0 Errors encountered.
opt_design completed successfully
opt_design: Time (s): cpu = 00:00:19 ; elapsed = 00:00:18 . Memory (MB): peak = 1567.191 ; gain = 797.898
INFO: [Common 17-1381] The checkpoint 'D:/CSAPP_Vivado/task_3/task_3.runs/impl_1/processor_opt.dcp' has been generated.
INFO: [runtcl-4] Executing : report_drc -file processor_drc_opted.rpt -pb processor_drc_opted.pb -rpx processor_drc_opted.rpx
Command: report_drc -file processor_drc_opted.rpt -pb processor_drc_opted.pb -rpx processor_drc_opted.rpx
INFO: [IP_Flow 19-234] Refreshing IP repositories
INFO: [IP_Flow 19-1704] No user IP repositories specified
INFO: [IP_Flow 19-2313] Loaded Vivado IP repository 'D:/Apps/Vivado/Vivado/Vivado/2017.4/data/ip'.
INFO: [DRC 23-27] Running DRC with 2 threads
INFO: [Coretcl 2-168] The results of DRC are in file D:/CSAPP_Vivado/task_3/task_3.runs/impl_1/processor_drc_opted.rpt.
report_drc completed successfully
INFO: [Chipscope 16-241] No debug cores found in the current design.
Before running the implement_debug_core command, either use the Set Up Debug wizard (GUI mode)
or use the create_debug_core and connect_debug_core Tcl commands to insert debug cores into the design.
Command: place_design
Attempting to get a license for feature 'Implementation' and/or device 'xc7vx485t'
INFO: [Common 17-349] Got license for feature 'Implementation' and/or device 'xc7vx485t'
INFO: [DRC 23-27] Running DRC with 2 threads
INFO: [Vivado_Tcl 4-198] DRC finished with 0 Errors
INFO: [Vivado_Tcl 4-199] Please refer to the DRC report (report_drc) for more information.
Running DRC as a precondition to command place_design
INFO: [DRC 23-27] Running DRC with 2 threads
INFO: [Vivado_Tcl 4-198] DRC finished with 0 Errors
INFO: [Vivado_Tcl 4-199] Please refer to the DRC report (report_drc) for more information.

Starting Placer Task
INFO: [Place 30-611] Multithreading enabled for place_design using a maximum of 2 CPUs

Phase 1 Placer Initialization

Phase 1.1 Placer Initialization Netlist Sorting
Netlist sorting complete. Time (s): cpu = 00:00:00 ; elapsed = 00:00:00 . Memory (MB): peak = 1567.191 ; gain = 0.000
Phase 1.1 Placer Initialization Netlist Sorting | Checksum: 156ccd28

Time (s): cpu = 00:00:00 ; elapsed = 00:00:00.015 . Memory (MB): peak = 1567.191 ; gain = 0.000
INFO: [Timing 38-35] Done setting XDC timing constraints.
INFO: [Opt 31-138] Pushed 0 inverter(s) to 0 load pin(s).
Netlist sorting complete. Time (s): cpu = 00:00:00 ; elapsed = 00:00:00 . Memory (MB): peak = 1567.191 ; gain = 0.000

Phase 1.2 IO Placement/ Clock Placement/ Build Placer Device
INFO: [Timing 38-35] Done setting XDC timing constraints.
Phase 1.2 IO Placement/ Clock Placement/ Build Placer Device | Checksum: 1a05f225e

Time (s): cpu = 00:00:10 ; elapsed = 00:00:07 . Memory (MB): peak = 1567.191 ; gain = 0.000

Phase 1.3 Build Placer Netlist Model
Phase 1.3 Build Placer Netlist Model | Checksum: 23d726bbe

Time (s): cpu = 00:00:10 ; elapsed = 00:00:07 . Memory (MB): peak = 1567.191 ; gain = 0.000

Phase 1.4 Constrain Clocks/Macros
Phase 1.4 Constrain Clocks/Macros | Checksum: 23d726bbe

Time (s): cpu = 00:00:10 ; elapsed = 00:00:07 . Memory (MB): peak = 1567.191 ; gain = 0.000
Phase 1 Placer Initialization | Checksum: 23d726bbe

Time (s): cpu = 00:00:10 ; elapsed = 00:00:07 . Memory (MB): peak = 1567.191 ; gain = 0.000

Phase 2 Global Placement
Phase 2 Global Placement | Checksum: 2281dcce6

Time (s): cpu = 00:00:12 ; elapsed = 00:00:09 . Memory (MB): peak = 1567.191 ; gain = 0.000

Phase 3 Detail Placement

Phase 3.1 Commit Multi Column Macros
Phase 3.1 Commit Multi Column Macros | Checksum: 2281dcce6

Time (s): cpu = 00:00:12 ; elapsed = 00:00:09 . Memory (MB): peak = 1567.191 ; gain = 0.000

Phase 3.2 Commit Most Macros & LUTRAMs
Phase 3.2 Commit Most Macros & LUTRAMs | Checksum: 18443b870

Time (s): cpu = 00:00:12 ; elapsed = 00:00:09 . Memory (MB): peak = 1567.191 ; gain = 0.000

Phase 3.3 Area Swap Optimization
Phase 3.3 Area Swap Optimization | Checksum: 1cb2f0838

Time (s): cpu = 00:00:12 ; elapsed = 00:00:09 . Memory (MB): peak = 1567.191 ; gain = 0.000

Phase 3.4 Pipeline Register Optimization
Phase 3.4 Pipeline Register Optimization | Checksum: 1cb2f0838

Time (s): cpu = 00:00:12 ; elapsed = 00:00:09 . Memory (MB): peak = 1567.191 ; gain = 0.000

Phase 3.5 Small Shape Detail Placement
Phase 3.5 Small Shape Detail Placement | Checksum: 23b6a1ea9

Time (s): cpu = 00:00:14 ; elapsed = 00:00:10 . Memory (MB): peak = 1567.191 ; gain = 0.000

Phase 3.6 Re-assign LUT pins
Phase 3.6 Re-assign LUT pins | Checksum: 23b6a1ea9

Time (s): cpu = 00:00:14 ; elapsed = 00:00:10 . Memory (MB): peak = 1567.191 ; gain = 0.000

Phase 3.7 Pipeline Register Optimization
Phase 3.7 Pipeline Register Optimization | Checksum: 23b6a1ea9

Time (s): cpu = 00:00:14 ; elapsed = 00:00:10 . Memory (MB): peak = 1567.191 ; gain = 0.000
Phase 3 Detail Placement | Checksum: 23b6a1ea9

Time (s): cpu = 00:00:14 ; elapsed = 00:00:10 . Memory (MB): peak = 1567.191 ; gain = 0.000

Phase 4 Post Placement Optimization and Clean-Up

Phase 4.1 Post Commit Optimization
Phase 4.1 Post Commit Optimization | Checksum: 23b6a1ea9

Time (s): cpu = 00:00:14 ; elapsed = 00:00:10 . Memory (MB): peak = 1567.191 ; gain = 0.000

Phase 4.2 Post Placement Cleanup
Phase 4.2 Post Placement Cleanup | Checksum: 23b6a1ea9

Time (s): cpu = 00:00:14 ; elapsed = 00:00:10 . Memory (MB): peak = 1567.191 ; gain = 0.000

Phase 4.3 Placer Reporting
Phase 4.3 Placer Reporting | Checksum: 23b6a1ea9

Time (s): cpu = 00:00:14 ; elapsed = 00:00:10 . Memory (MB): peak = 1567.191 ; gain = 0.000

Phase 4.4 Final Placement Cleanup
Phase 4.4 Final Placement Cleanup | Checksum: 19df3795e

Time (s): cpu = 00:00:14 ; elapsed = 00:00:10 . Memory (MB): peak = 1567.191 ; gain = 0.000
Phase 4 Post Placement Optimization and Clean-Up | Checksum: 19df3795e

Time (s): cpu = 00:00:14 ; elapsed = 00:00:10 . Memory (MB): peak = 1567.191 ; gain = 0.000
Ending Placer Task | Checksum: 9f52bca1

Time (s): cpu = 00:00:14 ; elapsed = 00:00:10 . Memory (MB): peak = 1567.191 ; gain = 0.000
INFO: [Common 17-83] Releasing license: Implementation
48 Infos, 1 Warnings, 0 Critical Warnings and 0 Errors encountered.
place_design completed successfully
place_design: Time (s): cpu = 00:00:15 ; elapsed = 00:00:11 . Memory (MB): peak = 1567.191 ; gain = 0.000
Writing placer database...
Writing XDEF routing.
Writing XDEF routing logical nets.
Writing XDEF routing special nets.
Write XDEF Complete: Time (s): cpu = 00:00:00 ; elapsed = 00:00:00.174 . Memory (MB): peak = 1567.191 ; gain = 0.000
INFO: [Common 17-1381] The checkpoint 'D:/CSAPP_Vivado/task_3/task_3.runs/impl_1/processor_placed.dcp' has been generated.
INFO: [runtcl-4] Executing : report_io -file processor_io_placed.rpt
report_io: Time (s): cpu = 00:00:00 ; elapsed = 00:00:00.167 . Memory (MB): peak = 1567.191 ; gain = 0.000
INFO: [runtcl-4] Executing : report_utilization -file processor_utilization_placed.rpt -pb processor_utilization_placed.pb
report_utilization: Time (s): cpu = 00:00:01 ; elapsed = 00:00:00.310 . Memory (MB): peak = 1567.191 ; gain = 0.000
INFO: [runtcl-4] Executing : report_control_sets -verbose -file processor_control_sets_placed.rpt
report_control_sets: Time (s): cpu = 00:00:00 ; elapsed = 00:00:00.002 . Memory (MB): peak = 1567.191 ; gain = 0.000
Command: route_design
Attempting to get a license for feature 'Implementation' and/or device 'xc7vx485t'
INFO: [Common 17-349] Got license for feature 'Implementation' and/or device 'xc7vx485t'
Running DRC as a precondition to command route_design
INFO: [DRC 23-27] Running DRC with 2 threads
INFO: [Vivado_Tcl 4-198] DRC finished with 0 Errors
INFO: [Vivado_Tcl 4-199] Please refer to the DRC report (report_drc) for more information.


Starting Routing Task
INFO: [Route 35-254] Multithreading enabled for route_design using a maximum of 2 CPUs
Checksum: PlaceDB: 89e5ef79 ConstDB: 0 ShapeSum: 156ccd28 RouteDB: 0

Phase 1 Build RT Design
Phase 1 Build RT Design | Checksum: c5556b5e

Time (s): cpu = 00:01:10 ; elapsed = 00:00:51 . Memory (MB): peak = 1898.504 ; gain = 331.312
Post Restoration Checksum: NetGraph: 6816733f NumContArr: 5d3ef81f Constraints: 0 Timing: 0

Phase 2 Router Initialization
INFO: [Route 35-64] No timing constraints were detected. The router will operate in resource-optimization mode.

Phase 2.1 Fix Topology Constraints
Phase 2.1 Fix Topology Constraints | Checksum: c5556b5e

Time (s): cpu = 00:01:10 ; elapsed = 00:00:51 . Memory (MB): peak = 1900.918 ; gain = 333.727

Phase 2.2 Pre Route Cleanup
Phase 2.2 Pre Route Cleanup | Checksum: c5556b5e

Time (s): cpu = 00:01:10 ; elapsed = 00:00:51 . Memory (MB): peak = 1900.918 ; gain = 333.727
 Number of Nodes with overlaps = 0
Phase 2 Router Initialization | Checksum: 15ff3472c

Time (s): cpu = 00:01:12 ; elapsed = 00:00:53 . Memory (MB): peak = 1984.809 ; gain = 417.617

Phase 3 Initial Routing
Phase 3 Initial Routing | Checksum: 1d491a8b7

Time (s): cpu = 00:01:13 ; elapsed = 00:00:53 . Memory (MB): peak = 1984.809 ; gain = 417.617

Phase 4 Rip-up And Reroute

Phase 4.1 Global Iteration 0
 Number of Nodes with overlaps = 37
 Number of Nodes with overlaps = 0
Phase 4.1 Global Iteration 0 | Checksum: cde35207

Time (s): cpu = 00:01:13 ; elapsed = 00:00:53 . Memory (MB): peak = 1984.809 ; gain = 417.617
Phase 4 Rip-up And Reroute | Checksum: cde35207

Time (s): cpu = 00:01:13 ; elapsed = 00:00:53 . Memory (MB): peak = 1984.809 ; gain = 417.617

Phase 5 Delay and Skew Optimization
Phase 5 Delay and Skew Optimization | Checksum: cde35207

Time (s): cpu = 00:01:13 ; elapsed = 00:00:53 . Memory (MB): peak = 1984.809 ; gain = 417.617

Phase 6 Post Hold Fix

Phase 6.1 Hold Fix Iter
Phase 6.1 Hold Fix Iter | Checksum: cde35207

Time (s): cpu = 00:01:13 ; elapsed = 00:00:53 . Memory (MB): peak = 1984.809 ; gain = 417.617
Phase 6 Post Hold Fix | Checksum: cde35207

Time (s): cpu = 00:01:13 ; elapsed = 00:00:53 . Memory (MB): peak = 1984.809 ; gain = 417.617

Phase 7 Route finalize

Router Utilization Summary
  Global Vertical Routing Utilization    = 0.0258733 %
  Global Horizontal Routing Utilization  = 0.011244 %
  Routable Net Status*
  *Does not include unroutable nets such as driverless and loadless.
  Run report_route_status for detailed report.
  Number of Failed Nets               = 0
  Number of Unrouted Nets             = 0
  Number of Partially Routed Nets     = 0
  Number of Node Overlaps             = 0

Utilization threshold used for congestion level computation: 0.85
Congestion Report
North Dir 1x1 Area, Max Cong = 17.1171%, No Congested Regions.
South Dir 1x1 Area, Max Cong = 36.9369%, No Congested Regions.
East Dir 1x1 Area, Max Cong = 32.3529%, No Congested Regions.
West Dir 1x1 Area, Max Cong = 16.1765%, No Congested Regions.
Phase 7 Route finalize | Checksum: cde35207

Time (s): cpu = 00:01:13 ; elapsed = 00:00:54 . Memory (MB): peak = 1984.809 ; gain = 417.617

Phase 8 Verifying routed nets

 Verification completed successfully
Phase 8 Verifying routed nets | Checksum: cde35207

Time (s): cpu = 00:01:14 ; elapsed = 00:00:54 . Memory (MB): peak = 1984.809 ; gain = 417.617

Phase 9 Depositing Routes
Phase 9 Depositing Routes | Checksum: f51eb9b9

Time (s): cpu = 00:01:14 ; elapsed = 00:00:54 . Memory (MB): peak = 1984.809 ; gain = 417.617
INFO: [Route 35-16] Router Completed Successfully

Time (s): cpu = 00:01:14 ; elapsed = 00:00:54 . Memory (MB): peak = 1984.809 ; gain = 417.617

Routing Is Done.
INFO: [Common 17-83] Releasing license: Implementation
60 Infos, 1 Warnings, 0 Critical Warnings and 0 Errors encountered.
route_design completed successfully
route_design: Time (s): cpu = 00:01:16 ; elapsed = 00:00:55 . Memory (MB): peak = 1984.809 ; gain = 417.617
Writing placer database...
Writing XDEF routing.
Writing XDEF routing logical nets.
Writing XDEF routing special nets.
Write XDEF Complete: Time (s): cpu = 00:00:00 ; elapsed = 00:00:00.111 . Memory (MB): peak = 1984.809 ; gain = 0.000
INFO: [Common 17-1381] The checkpoint 'D:/CSAPP_Vivado/task_3/task_3.runs/impl_1/processor_routed.dcp' has been generated.
INFO: [runtcl-4] Executing : report_drc -file processor_drc_routed.rpt -pb processor_drc_routed.pb -rpx processor_drc_routed.rpx
Command: report_drc -file processor_drc_routed.rpt -pb processor_drc_routed.pb -rpx processor_drc_routed.rpx
INFO: [IP_Flow 19-1839] IP Catalog is up to date.
INFO: [DRC 23-27] Running DRC with 2 threads
INFO: [Coretcl 2-168] The results of DRC are in file D:/CSAPP_Vivado/task_3/task_3.runs/impl_1/processor_drc_routed.rpt.
report_drc completed successfully
INFO: [runtcl-4] Executing : report_methodology -file processor_methodology_drc_routed.rpt -pb processor_methodology_drc_routed.pb -rpx processor_methodology_drc_routed.rpx
Command: report_methodology -file processor_methodology_drc_routed.rpt -pb processor_methodology_drc_routed.pb -rpx processor_methodology_drc_routed.rpx
INFO: [Timing 38-35] Done setting XDC timing constraints.
INFO: [Timing 38-35] Done setting XDC timing constraints.
INFO: [DRC 23-133] Running Methodology with 2 threads
INFO: [Coretcl 2-1520] The results of Report Methodology are in file D:/CSAPP_Vivado/task_3/task_3.runs/impl_1/processor_methodology_drc_routed.rpt.
report_methodology completed successfully
INFO: [runtcl-4] Executing : report_power -file processor_power_routed.rpt -pb processor_power_summary_routed.pb -rpx processor_power_routed.rpx
Command: report_power -file processor_power_routed.rpt -pb processor_power_summary_routed.pb -rpx processor_power_routed.rpx
WARNING: [Power 33-232] No user defined clocks were found in the design!
Resolution: Please specify clocks using create_clock/create_generated_clock for sequential elements. For pure combinatorial circuits, please specify a virtual clock, otherwise the vectorless estimation might be inaccurate
INFO: [Timing 38-35] Done setting XDC timing constraints.
Running Vector-less Activity Propagation...

Finished Running Vector-less Activity Propagation
72 Infos, 2 Warnings, 0 Critical Warnings and 0 Errors encountered.
report_power completed successfully
INFO: [runtcl-4] Executing : report_route_status -file processor_route_status.rpt -pb processor_route_status.pb
INFO: [runtcl-4] Executing : report_timing_summary -max_paths 10 -file processor_timing_summary_routed.rpt -rpx processor_timing_summary_routed.rpx -warn_on_violation 
INFO: [Timing 38-91] UpdateTimingParams: Speed grade: -1, Delay Type: min_max.
INFO: [Timing 38-191] Multithreading enabled for timing update using a maximum of 2 CPUs
WARNING: [Timing 38-313] There are no user specified timing constraints. Timing constraints are needed for proper timing analysis.
INFO: [runtcl-4] Executing : report_incremental_reuse -file processor_incremental_reuse_routed.rpt
INFO: [Vivado_Tcl 4-545] No incremental reuse to report, no incremental placement and routing data was found.
INFO: [runtcl-4] Executing : report_clock_utilization -file processor_clock_utilization_routed.rpt
report_clock_utilization: Time (s): cpu = 00:00:08 ; elapsed = 00:00:08 . Memory (MB): peak = 1984.809 ; gain = 0.000
INFO: [Common 17-206] Exiting Vivado at Thu Jun  9 22:34:02 2022...
