Flow report for Seven_segment_digital_tube_ignite
Wed Jan 12 01:12:03 2022
Quartus II 64-Bit Version 13.1.0 Build 162 10/23/2013 SJ Web Edition


---------------------
; Table of Contents ;
---------------------
  1. Legal Notice
  2. Flow Summary
  3. Flow Settings
  4. Flow Non-Default Global Settings
  5. Flow Elapsed Time
  6. Flow OS Summary
  7. Flow Log
  8. Flow Messages
  9. Flow Suppressed Messages



----------------
; Legal Notice ;
----------------
Copyright (C) 1991-2013 Altera Corporation
Your use of Altera Corporation's design tools, logic functions 
and other software and tools, and its AMPP partner logic 
functions, and any output files from any of the foregoing 
(including device programming or simulation files), and any 
associated documentation or information are expressly subject 
to the terms and conditions of the Altera Program License 
Subscription Agreement, Altera MegaCore Function License 
Agreement, or other applicable license agreement, including, 
without limitation, that your use is for the sole purpose of 
programming logic devices manufactured by Altera and sold by 
Altera or its authorized distributors.  Please refer to the 
applicable agreement for further details.



+---------------------------------------------------------------------------------+
; Flow Summary                                                                    ;
+------------------------------------+--------------------------------------------+
; Flow Status                        ; Successful - Wed Jan 12 01:12:03 2022      ;
; Quartus II 64-Bit Version          ; 13.1.0 Build 162 10/23/2013 SJ Web Edition ;
; Revision Name                      ; Seven_segment_digital_tube_ignite          ;
; Top-level Entity Name              ; Seven_segment_digital_tube_ignite          ;
; Family                             ; Cyclone III                                ;
; Total logic elements               ; 84 / 5,136 ( 2 % )                         ;
;     Total combinational functions  ; 84 / 5,136 ( 2 % )                         ;
;     Dedicated logic registers      ; 7 / 5,136 ( < 1 % )                        ;
; Total registers                    ; 7                                          ;
; Total pins                         ; 32 / 183 ( 17 % )                          ;
; Total virtual pins                 ; 0                                          ;
; Total memory bits                  ; 0 / 423,936 ( 0 % )                        ;
; Embedded Multiplier 9-bit elements ; 0 / 46 ( 0 % )                             ;
; Total PLLs                         ; 0 / 2 ( 0 % )                              ;
; Device                             ; EP3C5F256C6                                ;
; Timing Models                      ; Final                                      ;
+------------------------------------+--------------------------------------------+


+-------------------------------------------------------+
; Flow Settings                                         ;
+-------------------+-----------------------------------+
; Option            ; Setting                           ;
+-------------------+-----------------------------------+
; Start date & time ; 12/23/2021 09:52:38               ;
; Main task         ; Compilation                       ;
; Revision Name     ; Seven_segment_digital_tube_ignite ;
+-------------------+-----------------------------------+


+-------------------------------------------------------------------------------------------------------------------------------------------------------------------------------+
; Flow Non-Default Global Settings                                                                                                                                              ;
+-------------------------------------+------------------------------------------------------------------------------------------+---------------+-------------+----------------+
; Assignment Name                     ; Value                                                                                    ; Default Value ; Entity Name ; Section Id     ;
+-------------------------------------+------------------------------------------------------------------------------------------+---------------+-------------+----------------+
; COMPILER_SIGNATURE_ID               ; 1097541565538.164022435809700                                                            ; --            ; --          ; --             ;
; EDA_GENERATE_FUNCTIONAL_NETLIST     ; On                                                                                       ; --            ; --          ; eda_simulation ;
; EDA_NETLIST_WRITER_OUTPUT_DIR       ; C:/Users/qqnemo30/Desktop/FPGA/Blocks/Seven_segment_digital_tube_ignite/simulation/qsim/ ; --            ; --          ; eda_simulation ;
; EDA_OUTPUT_DATA_FORMAT              ; Verilog Hdl                                                                              ; --            ; --          ; eda_simulation ;
; EDA_SIMULATION_TOOL                 ; ModelSim-Altera (Verilog)                                                                ; <None>        ; --          ; --             ;
; PARTITION_COLOR                     ; 16764057                                                                                 ; --            ; --          ; Top            ;
; PARTITION_FITTER_PRESERVATION_LEVEL ; PLACEMENT_AND_ROUTING                                                                    ; --            ; --          ; Top            ;
; PARTITION_NETLIST_TYPE              ; SOURCE                                                                                   ; --            ; --          ; Top            ;
; PROJECT_OUTPUT_DIRECTORY            ; output_files                                                                             ; --            ; --          ; --             ;
+-------------------------------------+------------------------------------------------------------------------------------------+---------------+-------------+----------------+


+-------------------------------------------------------------------------------------------------------------------------------+
; Flow Elapsed Time                                                                                                             ;
+---------------------------+--------------+-------------------------+---------------------+------------------------------------+
; Module Name               ; Elapsed Time ; Average Processors Used ; Peak Virtual Memory ; Total CPU Time (on all processors) ;
+---------------------------+--------------+-------------------------+---------------------+------------------------------------+
; Analysis & Synthesis      ; 00:00:02     ; 1.0                     ; 4609 MB             ; 00:00:01                           ;
; Fitter                    ; 00:00:05     ; 1.0                     ; 4946 MB             ; 00:00:05                           ;
; Assembler                 ; 00:00:01     ; 1.0                     ; 4564 MB             ; 00:00:01                           ;
; TimeQuest Timing Analyzer ; 00:00:02     ; 1.0                     ; 4616 MB             ; 00:00:02                           ;
; EDA Netlist Writer        ; 00:00:00     ; 1.0                     ; 4522 MB             ; 00:00:00                           ;
; EDA Netlist Writer        ; 00:00:01     ; 1.0                     ; 4540 MB             ; 00:00:01                           ;
; EDA Netlist Writer        ; 00:00:00     ; 1.0                     ; 4540 MB             ; 00:00:01                           ;
; Total                     ; 00:00:11     ; --                      ; --                  ; 00:00:11                           ;
+---------------------------+--------------+-------------------------+---------------------+------------------------------------+


+----------------------------------------------------------------------------------------+
; Flow OS Summary                                                                        ;
+---------------------------+------------------+-----------+------------+----------------+
; Module Name               ; Machine Hostname ; OS Name   ; OS Version ; Processor type ;
+---------------------------+------------------+-----------+------------+----------------+
; Analysis & Synthesis      ; DESKTOP-D51VO9U  ; Windows 7 ; 6.2        ; x86_64         ;
; Fitter                    ; DESKTOP-D51VO9U  ; Windows 7 ; 6.2        ; x86_64         ;
; Assembler                 ; DESKTOP-D51VO9U  ; Windows 7 ; 6.2        ; x86_64         ;
; TimeQuest Timing Analyzer ; DESKTOP-D51VO9U  ; Windows 7 ; 6.2        ; x86_64         ;
; EDA Netlist Writer        ; DESKTOP-D51VO9U  ; Windows 7 ; 6.2        ; x86_64         ;
; EDA Netlist Writer        ; DESKTOP-D51VO9U  ; Windows 7 ; 6.2        ; x86_64         ;
; EDA Netlist Writer        ; DESKTOP-D51VO9U  ; Windows 7 ; 6.2        ; x86_64         ;
+---------------------------+------------------+-----------+------------+----------------+


------------
; Flow Log ;
------------
quartus_map --read_settings_files=on --write_settings_files=off Seven_segment_digital_tube_ignite -c Seven_segment_digital_tube_ignite
quartus_fit --read_settings_files=off --write_settings_files=off Seven_segment_digital_tube_ignite -c Seven_segment_digital_tube_ignite
quartus_asm --read_settings_files=off --write_settings_files=off Seven_segment_digital_tube_ignite -c Seven_segment_digital_tube_ignite
quartus_sta Seven_segment_digital_tube_ignite -c Seven_segment_digital_tube_ignite
quartus_eda --read_settings_files=off --write_settings_files=off Seven_segment_digital_tube_ignite -c Seven_segment_digital_tube_ignite
quartus_eda --gen_testbench --check_outputs=on --tool=modelsim_oem --format=verilog Seven_segment_digital_tube_ignite -c Seven_segment_digital_tube_ignite --vector_source=C:/Users/qqnemo30/Desktop/FPGA_Washing_Machine_PRO_MAX/Blocks_PRO_MAX/Seven_segment_digital_tube_ignite/Waveform.vwf --testbench_file=C:/Users/qqnemo30/Desktop/FPGA_Washing_Machine_PRO_MAX/Blocks_PRO_MAX/Seven_segment_digital_tube_ignite/simulation/qsim/Waveform.vwf.vt
quartus_eda --functional=on --flatten_buses=off --simulation=on --tool=modelsim_oem --format=verilog --output_directory=C:/Users/qqnemo30/Desktop/FPGA_Washing_Machine_PRO_MAX/Blocks_PRO_MAX/Seven_segment_digital_tube_ignite/simulation/qsim/ Seven_segment_digital_tube_ignite -c Seven_segment_digital_tube_ignite



