Exception at PC 0x00007FF8686A474C
Exception at PC 0x00007FF8686A474C
Exception at PC 0x00007FF8686A474C
Exception at PC 0x00007FF8686A474C
Exception at PC 0x00007FFFA633E132
Attemped to write at address 0x00007FFFD9D84AA4
Printing stacktrace...

[0]  [0x00007FFFA633E132]
[1]  [0x00007FFFA633E132]
[2]  [0x00007FFFA633E194]
[3]  [0x00007FFFA5F8D0D7]
[4]  [0x00007FFFA5E72BCA]
[5]  [0x00007FFFA5E72FD1]
[6]  [0x00007FFFA633EB2F]
[7]  [0x00007FFFA61FC19D]
[8]  [0x00007FFFA61F5942]
[9]  [0x00007FFFA61F5AB5]
[10] (RtlActivateActivationContextUnsafeFast+0x127) [0x00007FF86B100277]
[11] (LdrShutdownProcess+0x170) [0x00007FF86B1147F0]
[12] (RtlExitUserProcess+0xad) [0x00007FF86B11465D]
[13] (ExitProcess+0xb) [0x00007FF86A4BC66B]
[14] (exit+0x8d) [0x00007FF8699CD14D]
[15] (initterm_e+0x25b) [0x00007FF8699CD7CB]
[16]  [0x00000000004014CD]
[17]  [0x000000000040151B]
[18] (BaseThreadInitThunk+0x10) [0x00007FF86A4B54E0]
[19] (RtlUserThreadStart+0x2b) [0x00007FF86B0C485B]
Done
